Start testing: Sep 23 17:12 CST
----------------------------------------------------------
1/5 Testing: TutorialRuns
1/5 Test: TutorialRuns
Command: "/home/nfeng/文档/cmake_work/cmake-tutorial-5/Tutorial" "25"
Directory: /home/nfeng/文档/cmake_work/cmake-tutorial-5
"TutorialRuns" start time: Sep 23 17:12 CST
Output:
----------------------------------------------------------
The square root of 25 is 5
<end of output>
Test time =   0.00 sec
----------------------------------------------------------
Test Passed.
"TutorialRuns" end time: Sep 23 17:12 CST
"TutorialRuns" time elapsed: 00:00:00
----------------------------------------------------------

2/5 Testing: TutorialComp25
2/5 Test: TutorialComp25
Command: "/home/nfeng/文档/cmake_work/cmake-tutorial-5/Tutorial" "25"
Directory: /home/nfeng/文档/cmake_work/cmake-tutorial-5
"TutorialComp25" start time: Sep 23 17:12 CST
Output:
----------------------------------------------------------
The square root of 25 is 5
<end of output>
Test time =   0.00 sec
----------------------------------------------------------
Test Pass Reason:
Required regular expression found.Regex=[25 is 5
]
"TutorialComp25" end time: Sep 23 17:12 CST
"TutorialComp25" time elapsed: 00:00:00
----------------------------------------------------------

3/5 Testing: TutorialNegative
3/5 Test: TutorialNegative
Command: "/home/nfeng/文档/cmake_work/cmake-tutorial-5/Tutorial" "-25"
Directory: /home/nfeng/文档/cmake_work/cmake-tutorial-5
"TutorialNegative" start time: Sep 23 17:12 CST
Output:
----------------------------------------------------------
The square root of -25 is -nan
<end of output>
Test time =   0.00 sec
----------------------------------------------------------
Test Pass Reason:
Required regular expression found.Regex=[-25 is -nan
]
"TutorialNegative" end time: Sep 23 17:12 CST
"TutorialNegative" time elapsed: 00:00:00
----------------------------------------------------------

4/5 Testing: TutorialSmall
4/5 Test: TutorialSmall
Command: "/home/nfeng/文档/cmake_work/cmake-tutorial-5/Tutorial" "0.0001"
Directory: /home/nfeng/文档/cmake_work/cmake-tutorial-5
"TutorialSmall" start time: Sep 23 17:12 CST
Output:
----------------------------------------------------------
The square root of 0.0001 is 0.01
<end of output>
Test time =   0.00 sec
----------------------------------------------------------
Test Pass Reason:
Required regular expression found.Regex=[0.0001 is 0.01
]
"TutorialSmall" end time: Sep 23 17:12 CST
"TutorialSmall" time elapsed: 00:00:00
----------------------------------------------------------

5/5 Testing: TutorialUsage
5/5 Test: TutorialUsage
Command: "/home/nfeng/文档/cmake_work/cmake-tutorial-5/Tutorial"
Directory: /home/nfeng/文档/cmake_work/cmake-tutorial-5
"TutorialUsage" start time: Sep 23 17:12 CST
Output:
----------------------------------------------------------
/home/nfeng/文档/cmake_work/cmake-tutorial-5/Tutorial Version 1.0
Usage: /home/nfeng/文档/cmake_work/cmake-tutorial-5/Tutorial number
<end of output>
Test time =   0.00 sec
----------------------------------------------------------
Test Pass Reason:
Required regular expression found.Regex=[Usage
]
"TutorialUsage" end time: Sep 23 17:12 CST
"TutorialUsage" time elapsed: 00:00:00
----------------------------------------------------------

End testing: Sep 23 17:12 CST
